Change Component Designator: Old Designator=C? New Designator=C400
Change Component Designator: Old Designator=C? New Designator=C401
Change Component Designator: Old Designator=C? New Designator=C402
Change Component Designator: Old Designator=C? New Designator=C403
Change Component Designator: Old Designator=C? New Designator=C404
Change Component Designator: Old Designator=C? New Designator=C405
Change Component Designator: Old Designator=C? New Designator=C406
Change Component Designator: Old Designator=C? New Designator=C407
Change Component Designator: Old Designator=C? New Designator=C408
Change Component Designator: Old Designator=C? New Designator=C409
Change Component Designator: Old Designator=C? New Designator=C410
Change Component Designator: Old Designator=C? New Designator=C411
Change Component Designator: Old Designator=J? New Designator=J400
Change Component Designator: Old Designator=L? New Designator=L400
Change Component Designator: Old Designator=L? New Designator=L401
Change Component Designator: Old Designator=L? New Designator=L402
Change Component Designator: Old Designator=L? New Designator=L403
Change Component Designator: Old Designator=R? New Designator=R400
Change Component Designator: Old Designator=R? New Designator=R401
Change Component Designator: Old Designator=R? New Designator=R402
Change Component Designator: Old Designator=R? New Designator=R403
Change Component Designator: Old Designator=R? New Designator=R404
Change Component Designator: Old Designator=T? New Designator=T400
Change Component Designator: Old Designator=T? New Designator=T401
Change Component Designator: Old Designator=U? New Designator=U400
Change Component Designator: Old Designator=U? New Designator=U400
